# NLS_ENCODING=UNICODE
# NLS_MESSAGEFORMAT_NONE

###########################################################
###  Assessment String Resources
###  author: dtoland 3/17/2007
###########################################################

##
## Interface: AssessmentMessages
##

# Literals
asmt.lit.off=Off
asmt.lit.on=On
asmt.lit.unknown=Unknown
asmt.lit.not.found=Not Found
asmt.lit.all=[Observed]
asmt.lit.observed=[Observed]
asmt.lit.total=Total
asmt.lit.tests=Test(s):
asmt.lit.datasources=Datasources(s):
asmt.lit.test.severity=Test Severity
asmt.lit.score=Score
asmt.lit.datasource=Datasource
asmt.lit.datasource.severity=Datasource Severity

# Database Object Literals
asmt.lit.obj.database=Database
asmt.lit.obj.table=Table
asmt.lit.obj.tablespace=Table Space
asmt.lit.obj.package=Package
asmt.lit.obj.index=Index
asmt.lit.obj.column=Column
asmt.lit.obj.schema=Schema
asmt.lit.obj.server=Server
asmt.lit.obj.library=Library
asmt.lit.obj.routine=Routine
asmt.lit.obj.sequence=Sequence
asmt.lit.user=User
asmt.lit.catalog=Catalog
asmt.lit.grant.option=with grant option

asmt.test.score.pass=Pass
asmt.test.score.fail=Fail
asmt.test.score.error01=Runtime Error
asmt.test.score.error02=No CAS Data
asmt.test.score.error03=No Report Data
asmt.test.score.error04=Unsupported Database
asmt.test.score.error05=Unsupported Operating System
asmt.test.score.error06=Special Error
asmt.test.score.error07=CAS Data Collection Error
asmt.test.score.error08=Obsolete Parameter
asmt.test.score.error09=Deprecated Parameter
asmt.test.score.error10=Not/Applicable for the DB version
asmt.test.score.error14=CalculateScore routine not defined. Test not executed

#Severities
asmt.severity.label.critical=Critical
asmt.severity.label.major=Major
asmt.severity.label.minor=Minor
asmt.severity.label.caution=Cautionary
asmt.severity.label.info=Informational
asmt.severity.label.critical.abbrev=Critical
asmt.severity.label.major.abbrev=Major
asmt.severity.label.minor.abbrev=Minor
asmt.severity.label.caution.abbrev=Caution
asmt.severity.label.info.abbrev=Info
asmt.datasource.severity.label.high=High
asmt.datasource.severity.label.medium=Medium
asmt.datasource.severity.label.low=Low
asmt.datasource.severity.label.info=Info
asmt.datasource.severity.label.none=None

#Categories
asmt.category.label.priv=Privilege
asmt.category.label.auth=Authentication
asmt.category.label.conf=Configuration
asmt.category.label.ver=Version
asmt.category.label.other=Other
asmt.category.label.priv.abbrev=Priv.
asmt.category.label.auth.abbrev=Auth.
asmt.category.label.conf.abbrev=Conf.
asmt.category.label.ver.abbrev=Ver.
asmt.category.label.other.abbrev=Other

# Generic Failures
asmt.gdm.exception.failure=Could not save the Guardium Exception Log Entry.
asmt.datasource.type.unsupported=Datasource type: '${type}' is not supported.
asmt.datasource.sybaseiq.unsupported=This test is not supported for Sybase IQ.
asmt.datasource.version.unsupported=This test is not supported for version ${version}.
asmt.datasource.not.associated=Could not connect. No datasource is associated with this test: '${test}'.
asmt.connection.failure=Could not connect to datasource: '${datasource}'.
asmt.torque.failure=Unable to access assessment test data.  Please notify your system administrator.
asmt.recommend.score.not.found=No recommendation text was found for the score of: '${score}' for test: '${test}'.
asmt.error.check.ver=Error Checking Major Version. 
# deprecated tests
asmt.recommend.testdeprecated=Please delete it from any assessment that uses it.;
asmt.result.testdeprecated=This test is deprecated.;

asmt.correlation.full=All monitored ${type} datasources are being assessed.
asmt.correlation.partial=Not all monitored ${type} datasources are being assessed.

#Logging messages
asmt.log.failure=Unable to write to the Assessment Log.
asmt.log.start=Starting Security Assessment: '${assessment}'...
asmt.log.warn=Assessment Test: '${test}' experienced a non-fatal problem.
asmt.log.error.test=Assessment Test: '${test}' on: '${datasource}' could not complete due to error.
asmt.log.error.test.no.datasource=Assessment Test: '${test}' could not complete due to error.
asmt.log.fatal=Security Assessment: '${assessment}' could not complete due to error.
asmt.log.complete=Security Assessment: '${assessment}' is complete!
asmt.log.cancelled=Security Assessment: '${assessment}' has been cancelled.
asmt.log.test.name=Assessment Test: '${test}'
asmt.log.datasource.name=Datasource: '${datasource}'

# Generic Error
asmt.generic.error=Error encountered while performing this test, please contact your system administrator.
asmt.error.retrieving.os=Error retrieving datasource OS
asmt.error.retrieving.patch=Error retrieving datasource patch level
asmt.error.unsupported.operator=The operator: '${operator}' is not supported.
asmt.error.numberformatexception=Could not interpret result: '${value}' as a number.
asmt.error.parse.date=Could not interpret result: '${value}' as a date.
asmt.error.comparison.type=Could not compare ${value} to ${parameter}.
asmt.error.group.not.found=Could not find a SqlGuard Group for: '${value}'.
asmt.error.not.connectable=No tests that depend on a connection to the database will be executed for this datasource.
asmt.exception.group.not.found=*** Exceptions Group Not Found ***
# Versions
asmt.database.version=Version: ${type} '${version}'.
asmt.database.version.patch=Patch level: ${type} ${version} '${patch}'.
asmt.database.version.patch.match=Patch level: ${type} ${version} '${patch}' matched: '${value}'.
asmt.database.version.patch.not.found=Could not access patch level information for datasource: ${datasource} version: ${version}.
asmt.database.version.patch.not.defined=No valid patch levels are defined for version: ${type} '${version}'.

# Parameters
asmt.database.parameter.failure=Could not access the value of parameter: '${parameter}'.
asmt.database.parameter=Parameter: '${parameter}' is '${value}'.
asmt.database.parameter.directory.function=Parameter '${parameter}': '${value}' points to the directory used for: ${function}.
asmt.database.parameter.notset=Parameter: '${parameter}' is not set.
asmt.database.parameter.deprecated=Parameter: '${parameter}' has been deprecated for version ${version}.
asmt.database.parameter.obsoleted=Parameter: '${parameter}' has been obsoleted for version ${version}.
asmt.database.parameter.invalid=Parameter: '${parameter}' is only valid for version ${version} and above.

#Catalog
asmt.catalog.access.failure=Could not access the catalog for datasource: '${datasource}'.
asmt.database.catalog.access.failure = Could not access the catalog for database: '${database}' on '${datasource}'.  No Tests will be executed for this database.
asmt.catalog.database.object.count=${database}: ${count} object(s)
asmt.catalog.database.values=${database}: ${object-list}
asmt.catalog.database.not.tested=Some databases were not tested because they could not be accessed: ${object-list}.

asmt.catalog.guest.users=Guest accounts: ${database}.
asmt.catalog.guest.users.none=No Guest accounts found.
asmt.catalog.guest.user.account=${database} as '${user}'

asmt.catalog.lit.tempdb=(tempdb)
asmt.catalog.lit.systemdb=(systemdb)

asmt.catalog.user.privilege=Individual user privileges were found. ${count}.
asmt.catalog.user.privilege.none=No individual user privileges found.

asmt.catalog.system.privilege=User or group system table privileges, other than 'SELECT'. ${count}.
asmt.catalog.system.privilege.none=No user or group has system table privileges, other than 'SELECT'.

asmt.catalog.grant.option=Grant options: ${count}.
asmt.catalog.grant.option.none=No grant options found.

asmt.catalog.user.orphan=Orphaned users: ${count}.
asmt.catalog.user.orphan.none=No orphaned users found.

asmt.catalog.user.mismatch=Mismatched users: ${count}.
asmt.catalog.user.mismatch.none=No mismatched users found.

asmt.catalog.sample.database=Sample databases: ${count}.
asmt.catalog.sample.database.none=No sample databases found.

asmt.catalog.xpcmdshell.privilege=Privileged users for 'xp_cmdshell': ${count}.
asmt.catalog.xpcmdshell.privilege.none=No privileged users for 'xp_cmdshell' found.

asmt.catalog.unique.remote.user='${remote-user}' on ${database} as '${user}'
asmt.catalog.unique.remote=Non-unique remote users: ${count}.
asmt.catalog.unique.remote.none=No non-unique remote users found.

asmt.catalog.cache.con=Version ${version} allows cached administrator connection hijack.
asmt.catalog.cache.con.none=Version ${version} does not allow cached administrator connection hijack.

asmt.catalog.dbo.object.ownership=All database objects are owned by 'dbo'.
asmt.catalog.dbo.object.non.ownership=Some database objects are not owned by 'dbo'.  ${object-list}.

asmt.catalog.guest.access.none=No 'guest' user with access to application databases.
asmt.catalog.guest.access=The 'guest' user has access to some application databases.

asmt.catalog.groupid.unique=All database groups have IDs unique to that database.
asmt.catalog.groupid.not.unique=Some databases contained groups with duplicate IDs. ${object-list}.

# Privileges
asmt.database.privilege=Datasource: '${datasource}' - ${privileges}.
asmt.privilege.permissionFound=Permission found.
asmt.privilege.permissionNotFound=Permission not found.
asmt.privilege.defaultDbFound=Default database found.
asmt.privilege.defaultDbNotFound=Default database not found.
asmt.privilege.generalpassed=Test passed.
asmt.privilege.generalFailed=Test didn't pass.

asmt.priv.user=${user} has '${privileges}' ${grant-option}
asmt.priv.count=${count} on '${database-object}'

asmt.priv.user.object=User(s): ${user} with privileges to: '${database-object}'.
asmt.priv.object=User(s) found with privileges to: '${database-object}'.
asmt.priv.user.list=Found permissions granted to general extended procedures.User privileges: ${privileges}.
asmt.priv.user.connect=Users with connect authority found.
asmt.priv.user.none=No User connect authority found.

asmt.priv.public=Public has: ${privileges} privilege.
asmt.priv.public.none=No public privileges found.
asmt.priv.public.list=Non-exempt public privileges: ${privileges}.
asmt.priv.public.list.none=No public privileges found.

asmt.priv.fixSrvRole.notFound=Only logins in the DBA group have fixed server roles.
asmt.priv.fixSrvRole.found=Some logins that are not in the DBA group have fixed server roles.

asmt.priv.ole.proc.none=No permissions have been granted for OLE automation procedures.
asmt.priv.ole.proc=Permissions have been granted on some OLE automation procedures: ${object-list}.

asmt.priv.grant.option.none=No users or roles had privileges with the GRANT option.
asmt.priv.grant.option=Some users or roles had privileges with the GRANT option.

asmt.priv.grant.load.none=LOAD authority has not been granted to unauthorized users.
asmt.priv.grant.load=LOAD authority has been granted to unauthorized users.

asmt.priv.builtin.sysadmin.not=The MS Windows group 'BUILTIN\Administrators' does not have the role 'sysadmin'.
asmt.priv.builtin.sysadmin=The MS Windows group 'BUILTIN\Administrators' has the role 'sysadmin'.

asmt.priv.dbo.alias=All database's counts of dbo aliases are within the defined limit of ${count}.
asmt.priv.dbo.alias.exceeded=Some databases have more dbo aliases than the defined limit of ${count}. ${object-list}.

asmt.priv.system.table.select.none=No SELECT privileges were found granted to system tables in application databases.
asmt.priv.system.table.select=Some application databases have SELECT privileges granted to system tables: ${object-list}.

asmt.priv.user.access.users=Unauthorized users or roles have been granted privileges to DBA_USERS or ALL_USERS views.
asmt.priv.user.access.users.none=Unauthorized users or roles have not been granted privileges to DBA_USERS or ALL_USERS views.

asmt.priv.user.any=Users or roles, other than DBAs, were found with access to 'EXECUTE ANY PROCEDURE', 'GRANT ANY PRIVILEGE', 'GRANT ANY OBJECT PRIVILEGE', 'GRANT ANY ROLE', 'CREATE LIBRARY',  'AUDIT ANY', 'AUDIT SYS': ${object-list}.
asmt.priv.user.any.none=Only DBAs have access to 'EXECUTE ANY PROCEDURE', 'GRANT ANY PRIVILEGE', 'GRANT ANY OBJECT PRIVILEGE', 'GRANT ANY ROLE', 'CREATE LIBRARY',  'AUDIT ANY', 'AUDIT SYS'.

asmt.priv.default.role.grants=Predefined roles has been granted to unauthorized grantees.
asmt.priv.default.role.grants.none=Predefined roles has not been granted to unauthorized grantees.

asmt.priv.cat.role.privs=Some users or roles other than predefined dba or roles have been granted default roles.
asmt.priv.cat.role.privs.none=Predefined catalog roles are only granted to other predefined dba or roles.

asmt.priv.x$.table=Some users or roles without DBA or OEM_MONITOR authority have access to 'X$' tables or views: ${object-list}.
asmt.priv.x$.table.none='X$' tables, and views can only be accessed by users or roles with DBA or OEM_MONITOR authority.

asmt.priv.v$.synonym=Some users or roles without DBA or OEM_MONITOR authority have access to 'V$' tables: ${object-list}.
asmt.priv.v$.synonym.none='V$' tables can only be accessed by users or roles with DBA or OEM_MONITOR authority.

asmt.priv.v$.view=Some users or roles without DBA authority have access to 'V$' views.
asmt.priv.v$.view.none='V$' views can only be accessed by users or roles with DBA authority. 

asmt.priv.become.user=Unauthorized users or roles have been granted privileges to ALTER USER or BECOME USER privilege.
asmt.priv.become.user.none=Unauthorized users or roles have not been granted privileges to ALTER USER or BECOME USER privilege.

asmt.priv.create.library=Some users or roles without DBA or IMP_FULL_DATABASE authority have CREATE LIBRARY privileges.
asmt.priv.create.library.none=Only users or roles with DBA or IMP_FULL_DATABASE authority have CREATE LIBRARY privileges.

asmt.priv.xp_cmdshell=Some users or roles have privileges to xp_cmdshell.
asmt.priv.xp_cmdshell.none=No privileges to xp_cmdshell have been granted.

asmt.priv.dba.views=Grantee without DBA or OEM_MONITOR authority have access to 'DBA' tables or views.
asmt.priv.dba.views.none='DBA' tables, and views can only be accessed by users or roles with DBA or OEM_MONITOR authority.

asmt.priv.dba_roles=DBA_ROLES has been granted to unauthorized grantee.
asmt.priv.dba_roles.none=The table 'DBA_ROLES' can only be accessed by users or roles with DBA authority.

asmt.priv.dba_role_privs=DBA_ROLE_PRIVS has been granted to unauthorized grantee.
asmt.priv.dba_role_privs.none=The table 'DBA_ROLE_PRIVS' can only be accessed by users or roles with DBA authority.

asmt.priv.dba_sys_privs=DBA_SYS_PRIVS has been granted to unauthorized grantee.
asmt.priv.dba_sys_privs.none=The table 'DBA_SYS_PRIVS' can only be accessed by users or roles with DBA authority.

asmt.priv.dba_tab_privs=DBA_TAB_PRIVS has been granted to unauthorized grantee.
asmt.priv.dba_tab_privs.none=The table 'DBA_TAB_PRIVS' can only be accessed by users or roles with DBA authority.

asmt.priv.sys.aud=Some grantee without DBA authority have access to the table 'SYS.AUD$'.
asmt.priv.sys.aud.none=The table 'SYS.AUD$' can only be accessed by users or roles with DBA authority.


# Configuration
asmt.cfg.product.user.profile=The Product User Profile table has profiles for products: ${object-list}.
asmt.cfg.product.user.profile.empty=The Product User Profile table has no profiles.
asmt.cfg.product.user.profile.undefined=The Product User Profile table has not been created.

asmt.cfg.trunc.log.on.chkpt=The option 'trunc log on chkpoint' is set on: ${object-list} database(s).
asmt.cfg.trunc.log.on.chkpt.none=The option 'trunc log on chkpoint' is not set on the master or sybsecurity database.

asmt.cfg.oledb.disallowadhoc.access.pass=DisallowadhocAccess is enabled as recommended
asmt.cfg.oledb.disallowadhoc.access.fail=DisallowAdhocAccess is not defined for at least one provider

asmt.testResultText.preDefDbRole.notFound=Predefined database roles are not granted to PUBLIC or GUEST
asmt.testResultText.preDefDbRole.found=Predefined database roles were found granted to PUBLIC or GUEST in database(s): ${database}.

# Custom Assessment Test messages
asmt.cust.proxy.creation.failure=Custom proxy could not be created for test: ${testclass}.
asmt.cust.proxy.method.failure=Custom proxy could not access the method: '${method}'.
asmt.cust.sql.failure=Could not execute the SQL in test: ${testclass}
asmt.cust.report.failure=Could not generate the report for test: ${testclass}
asmt.cust.backstop=Could not execute test: ${testclass}

# One User One IP
asmt.oneUserOneIP.pass=Users logged in to the database from a limited number of IPs.
asmt.oneUserOneIP.failed=Users Logged in to the database from ${count} different IPs.
asmt.oneUserOneIP.norecordsFound=No session records found during the period assessed.

# Excessive Administrator Logins
asmt.excesiveadminlogin.pass=Limited usage of Administrators accounts.
asmt.excesiveadminlogin.failed=Excessive usage of Administrators accounts: ${count} percent of total logins.
asmt.excesiveadminlogin.norecordsfound=No login records found during the period assessed.

# Patch Gap Assessment
asmt.callstoxpprocs.pass=Limited usage of vulnerable Objects.
asmt.callstoxpprocs.failed=There were: ${count} requests that accessed vulnerable Objects.

# After Hours Login
asmt.afterHourlogin.pass=Data Access is being Done within the defined activity Period.
asmt.afterHourlogin.failed= ${count} Sessions were open outside of the normal activity period.
asmt.afterHourlogin.norecordsfound=No data access found during the period assessed.

# SQL Errors
asmt.sqlerrors.pass=Small number of SQL errors Found.
asmt.sqlerrors.failed=Too many SQL Errors Found- ${count} percent of requests returned errors.
asmt.sqlerrors.norecordsfound=No SQL Errors Found during the period assessed.

# Login Failures (tests 6 & 7)
asmt.loginfailures.pass=Small number of Login Failures Occurred.
asmt.loginfailures.failed=Too Many login failures, found ${count} per day.

# Admin Commands
asmt.admincommands.pass=Small number of Administration Commands issued.
asmt.admincommands.failed=Large number of Administration Commands found, ${count} per day.

# Clients Executing Admin Commands
asmt.clientsexecadmin.pass=Administration Commands issued from a small number of clients.
asmt.clientsexecadmin.failed=Administration Commands issued from a ${count} different clients.

# DDL Commands
asmt.ddlcommands.pass=Small number of DDL Commands issued.
asmt.ddlcommands.failed=Large number of DDL Commands found, ${count} per day.

# Clients Executing DDL Commands
asmt.clientsexecddl.pass=DDL Commands issued from a small number of clients.
asmt.clientsexecddl.failed=DDL Commands issued from a ${count} different clients.

# DBCC Commands
asmt.dbcccommands.pass=Small number of DBCC Commands issued.
asmt.dbcccommands.failed=Large number of DBCC Commands found, ${count} per day.

# Access Rules Violations
asmt.predef.users.default.password.none=No active pre-defined users have default paswords.
asmt.predef.users.default.password=${count} active pre-defined users have default passwords.

asmt.accessrulesviolations.pass=Small number of Access Rules Violations occurred.
asmt.accessrulesviolations.failed=Large number of Access Rules Violations occurred, ${count} per day.

asmt.resulttext.specialError=${error_desc} error.

asmt.resulttext.authentication.mysqlanonymoususerdisabledtest.pass =Anonymous user is disabled
asmt.resulttext.authentication.mysqlanonymoususerdisabledtest.failed =Anonymous user(s) are not disabled

asmt.resulttext.authentication.mysqlpasswdcolumnlengthtest.pass =Password column is long
asmt.resulttext.authentication.mysqlpasswdcolumnlengthtest.failed =Password column is short

asmt.resulttext.authentication.mysqlpasswdlengthtest.pass =Not Exist short password
asmt.resulttext.authentication.mysqlpasswdlengthtest.failed =Exists short password

asmt.resulttext.authentication.mysqluserwithemptypasswdtest.pass =No user with empty password
asmt.resulttext.authentication.mysqluserwithemptypasswdtest.failed =Exists user with empty password

asmt.resulttext.authentication.mysqlrootremoteaccesstest.pass=User root does not exists or has no remote access
asmt.resulttext.authentication.mysqlrootremoteaccesstest.failed=Remote access to user root is allowed

asmt.resulttext.users.oraclesysuserdisabledtest.pass=The SYSTEM user account is not open or expired as recommended
asmt.resulttext.users.oraclesysuserdisabledtest.failed=The SYSTEM user account is open or expired

asmt.resulttext.authentication.oraclefailedlogintest.pass=Active profile with unlimited failed login attempts not found
asmt.resulttext.authentication.oraclefailedlogintest.failed=Found active profile with unlimited failed login attempts

asmt.resulttext.authentication.oraclepasswdlifetimetest.pass=Active profile with unlimited password life time not found
asmt.resulttext.authentication.oraclepasswdlifetimetest.failed=Found active profile with unlimited password life time

asmt.resulttext.authentication.oraclepasswdfunctiontest.pass=Active profile in DBA_PROFILE with PASSWORD_VERIFY_FUNCTION not implemented not found
asmt.resulttext.authentication.oraclepasswdfunctiontest.failed=Found active profiles with PASSWORD_VERIFY_FUNCTION not implemented

asmt.resulttext.authentication.oracleweakpasswdfunctiontest.pass=Tested weak passwords are not allowed by funciton(s)
asmt.resulttext.authentication.oracleweakpasswdfunctiontest.failed=Weak password ${password} is allowed by function '${function}'
asmt.resulttext.authentication.oracleweakpasswdfunctiontest.error.noFunction=No Password Verification Routine has been implemented for some profiles.
asmt.resulttext.authentication.oracleweakpasswdfunctiontest.error.cannotRun=Verification Function '${function}' Error

asmt.resulttext.authentication.SybaseMaxFailedLoginServerConfigTest.pass=Server-wide maximum failed logins greater than 0
asmt.resulttext.authentication.SybaseMaxFailedLoginServerConfigTest.failed=Server-wide maximum failed logins equals 0

asmt.resulttext.authentication.SybaseMinPasswdLenServerConfigTest.pass=Server-wide minimum password length not less than 6
asmt.resulttext.authentication.SybaseMinPasswdLenServerConfigTest.failed=Server-wide minimum password length less than 6
asmt.resulttext.authentication.SybaseMinPasswdLenServerConfigTest.iq.pass=Database option minimum password length not less than 6
asmt.resulttext.authentication.SybaseMinPasswdLenServerConfigTest.iq.failed=Database option minimum password length less than 6

asmt.resulttext.authentication.SybaseCheckPasswdForDigitTest.pass=Check for at least one digit in a password
asmt.resulttext.authentication.SybaseCheckPasswdForDigitTest.failed=Not check for at least one digit in a password

asmt.resulttext.authentication.SybaseMaxFailedLoginPerLoginTest.pass=Not find login with maximum failed logins equals 0
asmt.resulttext.authentication.SybaseMaxFailedLoginPerLoginTest.failed=Find login with maximum failed logins equals 0

asmt.resulttext.authentication.SybaseMinPasswdLenPerLoginTest.pass=Not find login with minimum password length less than 6
asmt.resulttext.authentication.SybaseMinPasswdLenPerLoginTest.failed=Find login with minimum password length less than 6

asmt.resulttext.authentication.SybasePasswdExpIntervalPerLoginTest.pass=Not find login with password expiration interval equals 0
asmt.resulttext.authentication.SybasePasswdExpIntervalPerLoginTest.failed=Find login with password expiration interval equals 0

asmt.resulttext.authentication.MssqlPasswdCheckPolicyTest.pass=Not find active logins with is_policy_checked equals false
asmt.resulttext.authentication.MssqlPasswdCheckPolicyTest.failed=Find ${count} logins with is_policy_checked equals false

asmt.resulttext.authentication.MssqlPasswdCheckExpirTest.pass=Not find active logins with is_expiration_checked equals false
asmt.resulttext.authentication.MssqlPasswdCheckExpirTest.failed=Find ${count} active logins with is_expiration_checked equals false

asmt.resulttext.authentication.MssqlAuthenticationMode.pass=Authentication is set to Windows
asmt.resulttext.authentication.MssqlAuthenticationMode.failed=Authentication is not set to Windows for MSSQL Login

asmt.testResultText.OracleRoleWtAdminOptTest.pass=Roles granted WITH ADMIN option not found
asmt.testResultText.OracleRoleWtAdminOptTest.fail=Found roles granted WITH ADMIN option

asmt.testResultText.OracleExecUtlFileTest.pass=Access to the selected packages has been revoked from PUBLIC.
asmt.testResultText.OracleExecUtlFileTest.fail=Access to the selected packages has been granted to PUBLIC.

asmt.testResultText.OracleSourceCodeTest.pass=Accounts not found being granted privilege to execute or create source code as SYS
asmt.testResultText.OracleSourceCodeTest.fail=Account(s)  found being granted privilege to execute or create source code as SYS

asmt.testResultText.MSSQLSystablesUpdateTest.pass=Allow updates to system tables turned off
asmt.testResultText.MSSQLSystablesUpdateTest.fail=Allow updates to system tables not turned off

asmt.testResultText.MSSQLRevokeAgentJobsTest.pass=No permissions granted to PUBLIC to Procedures that start or control agent jobs.
asmt.testResultText.MSSQLRevokeAgentJobsTest.fail=Permissions to procedures that start or control agent jobs(${xps}) granted to PUBLIC.

asmt.testResultText.MSSQLRevokeExtendedProcTest.pass=Permissions have been deleted from the extended procedures that can lead to privilege escalation.
asmt.testResultText.MSSQLRevokeExtendedProcTest.fail=Permissions on procedures that can lead to privilege escalation granted.

asmt.testResultText.MSSQLRevokeWebTaskTest.pass=Permission on xp_runwebtask procedure and mswebtasks table has been revoked from PUBLIC.
asmt.testResultText.MSSQLRevokeWebTaskTest.fail=Permission on xp_runwebtask procedure and mswebtasks table has not revoked from PUBLIC.

asmt.testResultText.MSSQLXp_ReaderrorlogTest.pass=Execute permission on xp_readerrorlog is not granted to unauthorized grantee. 
asmt.testResultText.MSSQLXp_ReaderrorlogTest.fail=Execute permission on xp_readerrorlog granted to unauthorized grantee.

asmt.testResultText.MSSQLxp_generalTest.pass=Permissions to the following general extended procedures have NOT been granted
asmt.testResultText.MSSQLxp_generalTest.fail=Found permissions granted to general extended procedures.

asmt.testResultText.MSSQLxp_SQLMailTest.pass=Permissions to SQLMail Extended procedures have NOT been granted
asmt.testResultText.MSSQLxp_SQLMailTest.fail=Found permissions granted to SQLMail Extended procedures.

asmt.testResultText.MSSQLxp_webtasktest.pass=Permissions to WebTask Extended procedures have NOT been granted
asmt.testResultText.MSSQLxp_webtasktest.fail=Found permissions granted to WebTask Extended procedures.

asmt.testResultText.MSSQLxp_SNMPTest.pass=Permissions to SNMP extended procedures have NOT been granted
asmt.testResultText.MSSQLxp_SNMPTest.fail=Found permissions granted to SNMP extended procedures.

asmt.testResultText.MSSQLxp_OLEAutomationTest.pass=Permissions to OLE Automation Procedures have NOT been granted
asmt.testResultText.MSSQLxp_OLEAutomationTest.fail=Found permissions granted to OLE automation procedures.

asmt.testResultText.MSSQLxp_registryaccessTest.pass=Permissions to registry access extended procedures have NOT been granted
asmt.testResultText.MSSQLxp_registryaccessTest.fail=Found permissions granted to registry access extended procedures.

asmt.testResultText.MSSQLRevokeCreateAgentJobsTest.pass=Permission to create AGENT jobs revoked from PUBLIC
asmt.testResultText.MSSQLRevokeCreateAgentJobsTest.fail=Permission to create AGENT jobs(sp_add_job) not revoked from PUBLIC

asmt.testResultText.MSSQLRevokeGetDTSPkgTest.pass=Permissions have been revoked from group PUBLIC on msdb.dbo.sp_get_dtspackage
asmt.testResultText.MSSQLRevokeGetDTSPkgTest.fail=Permissions have not been revoked from group PUBLIC on msdb.dbo.sp_get_dtspackage

asmt.testResultText.MSSQLRevokeSetAlertinfoTest.pass=Permissions have been revoked from PUBLIC on master.dbo.sp_Mssetalertinfo
asmt.testResultText.MSSQLRevokeSetAlertinfoTest.fail=Permissions have not been revoked from PUBLIC on master.dbo.sp_Mssetalertinfo

asmt.testResultText.MSSQLPermOnlyToGroupTest.pass=Permissions are granted to GROUPS and not specific USERS
asmt.testResultText.MSSQLPermOnlyToGroupTest.fail=Permissions are found granted specific USERS.

asmt.testResultText.MSSQLDefaultDbRemovalTest.pass=Default databases such as Northwind and pubs deleted
asmt.testResultText.MSSQLDefaultDbRemovalTest.fail=Found default databases not deleted

asmt.testResultText.MSSQLPortTest.pass=Default database server port number not in use
asmt.testResultText.MSSQLPortTest.fail=Found default database server port number in use

asmt.testResultText.MSSQLCodeVisibilityTest.pass=Code visibility vulnerability not found
asmt.testResultText.MSSQLCodeVisibilityTest.fail=Code visibility vulnerability found

asmt.testResultText.MSSQLDataFileTest.pass=MASTER, TEMPDB, MODEL, & MSDB reside on their own data file
asmt.testResultText.MSSQLDataFileTest.fail=MASTER, TEMPDB, MODEL, & MSDB found sharing data file

asmt.testResultText.OracleanyV_ssviewTest.pass=Access to any V_$ view not granted to non-DBAs
asmt.testResultText.OracleanyV_ssviewTest.fail=Found at least one V_$ view granted to non-DBAs: ${grantees}

asmt.testResultText.OracleAnyXsstableTest.pass=Access to any X$ table not granted to non-DBAs
asmt.testResultText.OracleAnyXsstableTest.fail=Found at least one X$ table granted to non-DBAs: ${grantees}

asmt.testResultText.OracleUSER_ROLE_PRIVSTest.pass=USER_ROLE_PRIVS not granted to non-DBAs
asmt.testResultText.OracleUSER_ROLE_PRIVSTest.fail=Found USER_ROLE_PRIVS granted to non-DBAs

asmt.testResultText.OracleUSER_TAB_PRIVSTest.pass=USER_TAB_PRIVS not granted to non-DBAs
asmt.testResultText.OracleUSER_TAB_PRIVSTest.fail=Found USER_TAB_PRIVS granted to non-DBAs

asmt.testResultText.OracleROLE_ROLE_PRIVSTest.pass=ROLE_ROLE_PRIVS not granted to non-DBAs
asmt.testResultText.OracleROLE_ROLE_PRIVSTest.fail=Found ROLE_ROLE_PRIVS granted to non-DBAs

asmt.testResultText.OracleDBA_TAB_PRIVSTest.pass=DBA_TAB_PRIVS not granted to non-DBAs
asmt.testResultText.OracleDBA_TAB_PRIVSTest.fail=Found DBA_TAB_PRIVS granted to non-DBAs: ${grantees}

asmt.testResultText.OracleDBA_ROLESTest.pass=DBA_ROLES not granted to non-DBAs
asmt.testResultText.OracleDBA_ROLESTest.fail=Found DBA_ROLES granted to non-DBAs: ${grantees}

asmt.testResultText.OracleDBA_SYS_PRIVSTest.pass=DBA_SYS_PRIVS not granted to non-DBAs
asmt.testResultText.OracleDBA_SYS_PRIVSTest.fail=Found DBA_SYS_PRIVS granted to non-DBAs: ${grantees}

asmt.testResultText.OraclePerfstatSTATSssSQL_SUMMARYTest.pass=PerfstatSTAT$SQL_SUMMARY not granted to non-DBAs
asmt.testResultText.OraclePerfstatSTATSssSQL_SUMMARYTest.fail=Found PerfstatSTAT$SQL_SUMMARY granted to non-DBAs

asmt.testResultText.OraclePerfstatSTATSssSQLTEXTTest.pass=PerfstatSTAT$SQLTEXT not granted to non-DBAs
asmt.testResultText.OraclePerfstatSTATSssSQLTEXTTest.fail=Found PerfstatSTAT$SQLTEXT granted to non-DBAs

asmt.testResultText.OracleSysSOURCEssTest.pass=SYS.SOURCE$ not granted to non-DBAs
asmt.testResultText.OracleSysSOURCEssTest.fail=Found SYS.SOURCE$ granted to non-DBAs

asmt.testResultText.OracleSysUSERssTest.pass=SYS.USER$ not granted to non-DBAs
asmt.testResultText.OracleSysUSERssTest.fail=Found SYS.USER$ granted to non-DBAs

asmt.testResultText.OracleSysUSER_HISTORYTest.pass=SYS.USER_HISTORY$ not granted to non-DBAs
asmt.testResultText.OracleSysUSER_HISTORYTest.fail=Some grantee without DBA authority have access to the table 'SYS.USER_HISTORY$'.

asmt.testResultText.OraclePasswordfailedLoginAttemptsTest.pass=User profile setup parameter FAILED_LOGIN_ATTEMPTS found within defined threshold value
asmt.testResultText.OraclePasswordfailedLoginAttemptsTest.fail=User profile setup parameter FAILED_LOGIN_ATTEMPTS found out of defined threshold value

asmt.testResultText.OraclePASSWORD_LIFE_TIMETest.pass=User profile setup parameter PASSWORD_LIFE_TIME found within defined threshold value
asmt.testResultText.OraclePASSWORD_LIFE_TIMETest.fail=User profile setup parameter PASSWORD_LIFE_TIME found out of defined threshold value

asmt.testResultText.OraclePasswordReuseMaxTest.pass=User profile setup parameter PASSWORD_REUSE_MAX found within defined threshold value
asmt.testResultText.OraclePasswordReuseMaxTest.fail=User profile setup parameter PASSWORD_REUSE_MAX found out of defined threshold value

asmt.testResultText.OraclePasswordReuseTimeTest.pass=User profile setup parameter PASSWORD_REUSE_TIME found within defined threshold value
asmt.testResultText.OraclePasswordReuseTimeTest.fail=User profile setup parameter PASSWORD_REUSE_TIME found out of defined threshold value

asmt.testResultText.OraclePasswordLockTimeTest.pass=User profile setup parameter PASSWORD_LOCK_TIME found within defined threshold value
asmt.testResultText.OraclePasswordLockTimeTest.fail=User profile setup parameter PASSWORD_LOCK_TIME found out of defined threshold value

asmt.testResultText.OracleCPU_PER_SESSIONTest.pass=User profile setup parameter CPU_PER_SESSION found within defined threshold value
asmt.testResultText.OracleCPU_PER_SESSIONTest.fail=User profile setup parameter CPU_PER_SESSION found out of defined threshold value

asmt.testResultText.OraclePRIVATE_SGATest.pass=User profile setup parameter PRIVATE_SGA found within defined threshold value
asmt.testResultText.OraclePRIVATE_SGATest.fail=User profile setup parameter PRIVATE_SGA found out of defined threshold value

asmt.testResultText.OracleLOGICAL_READS_PER_SESSIONTest.pass=User profile setup parameter LOGICAL_READS_PER_SESSION found within defined threshold value
asmt.testResultText.OracleLOGICAL_READS_PER_SESSIONTest.fail=User profile setup parameter LOGICAL_READS_PER_SESSION found out of defined threshold value

asmt.testResultText.OracleSESSIONS_PER_USERTest.pass=User profile setup parameter SESSIONS_PER_USER found within defined threshold value
asmt.testResultText.OracleSESSIONS_PER_USERTest.fail=User profile setup parameter SESSIONS_PER_USER found out of defined threshold value

asmt.testResultText.OracleCONNECT_TIMETest.pass=User profile setup parameter CONNECT_TIME found within defined threshold value
asmt.testResultText.OracleCONNECT_TIMETest.fail=User profile setup parameter CONNECT_TIME found out of defined threshold value

asmt.testResultText.OracleIDLE_TIMETest.pass=User profile setup parameter IDLE_TIME found within defined threshold value
asmt.testResultText.OracleIDLE_TIMETest.fail=User profile setup parameter IDLE_TIME found out of defined threshold value

asmt.testResultText.OracleSelectLinkTest.pass=Unauthorized users or roles have not been granted privileges to SYS.LINK$ table
asmt.testResultText.OracleSelectLinkTest.fail=Unauthorized users or roles have been granted privileges to SYS.LINK$ table

asmt.testResultText.OracleAnyTableTest.pass=Unauthorized users or roles have not been granted privileges to ANY TABLE privileges.
asmt.testResultText.OracleAnyTableTest.fail=Unauthorized users or roles have been granted privileges to ANY TABLE privileges.

asmt.testResultText.OracleGrantPkgExcPublicTest.pass=PUBLIC was not granted access on Sensitive Packages
asmt.testResultText.OracleGrantPkgExcPublicTest.fail=PUBLIC was granted access on Sensitive Packages

asmt.testResultText.OracleDefltRoleToDefltUsr.pass=Default Roles granted only to DBAs
asmt.testResultText.OracleDefltRoleToDefltUsr.fail=Default Roles granted to more than DBAs

asmt.testResultText.SysbaseProcedureCommentsTest.pass='select syscomments.text' set to non-default 0
asmt.testResultText.SysbaseProcedureCommentsTest.fail='select syscomments.text' set to default value

asmt.testResultText.SysbaseGroupIDUniqueTest.pass=For each database all group Ids are unique
asmt.testResultText.SysbaseGroupIDUniqueTest.fail=In one of more database found group Ids not unique

asmt.testResultText.SystemTableNoGrantPrivTest.pass=System tables are not being granted with privileges other than SELECT.
asmt.testResultText.SystemTableNoGrantPrivTest.fail=System tables are being granted with privileges other than SELECT.

asmt.testResultText.EventLogParaSetTest.pass=Event Logging parameter is set to 1.
asmt.testResultText.EventLogParaSetTest.fail=Event Logging parameter is not set to 1.

asmt.testResultText.MsgIntegrityParaSetTest.pass='msg integrity reqd' parameter is set to 1.
asmt.testResultText.MsgIntegrityParaSetTest.fail='msg integrity reqd parameter is not set to 1.

asmt.testResultText.MsgConfidentParaSetTest.pass='msg confidentiality reqd' parameter is set to 1.
asmt.testResultText.MsgConfidentParaSetTest.fail='msg confidentiality reqd' parameter is not set to 1.


asmt.testResultText.OracleALL_SOURCETest.pass=ALL_SOURCE not granted to non-DBAs
asmt.testResultText.OracleALL_SOURCETest.fail=Found ALL_SOURCE granted to non-DBAs

asmt.testResultText.Teradata.ProfileInUse.pass=Users are using profile as entered in the Teradata_profile_group
asmt.testResultText.Teradata.ProfileInUse.fail=Users are not using profile as entered in the Teradata_profile_group.  
asmt.testResultText.Teradata.ProfileInUse.error=Could not execute sql command.
asmt.testResultText.Teradata.ProfileInUse.fail.msg=Found users:  ${TEST_VALUE})

asmt.testResultText.Teradata.DefaultPasswordTest.pass=Passwords for system accounts are set to non-default values, as recommended.
asmt.testResultText.Teradata.DefaultPasswordTest.fail=One or more of the system accounts is using password that has not been changed from the default.
asmt.testResultText.Teradata.DefaultPasswordTest.error=Error performing test.
asmt.testResultText.Teradata.DefaultPasswordTest.detail=Accounts with default passwords:

asmt.testResultText.Teradata.ObjectGrandToPublic.pass=Object privileges are not granted to PUBLIC as recommend.
asmt.testResultText.Teradata.ObjectGrandToPublic.fail=Object privileges has been granted to PUBLIC that are not in the "grant object to public group"


asmt.testResultText.db2.ACCESSCTRLAuthorityTest.pass=ACCESSCTRL authority has not been granted to unauthorized users.
asmt.testResultText.db2.ACCESSCTRLAuthorityTest.fail=ACCESSCTRL authority has been granted to unauthorized users.
asmt.testResultText.db2.ACCESSCTRLAuthorityTest.error=Error performing test.
asmt.testResultText.db2.ACCESSCTRLAuthorityTest.detail=Unauthorized accounts with ACCESSCTRL authority:

asmt.testResultText.db2.DATAACCESSAuthorityTest.pass=DATAACCESS authority has not been granted to unauthorized users.
asmt.testResultText.db2.DATAACCESSAuthorityTest.fail=DATAACCESS authority has been granted to unauthorized users.
asmt.testResultText.db2.DATAACCESSAuthorityTest.error=Error performing test.
asmt.testResultText.db2.DATAACCESSAuthorityTest.detail=Unauthorized accounts with DATAACCESS authority:

asmt.testResultText.db2.EXPLAINAuthorityTest.pass=EXPLAIN authority has not been granted to unauthorized grantee.
asmt.testResultText.db2.EXPLAINAuthorityTest.fail=EXPLAIN authority has been granted to unauthorized grantee.
asmt.testResultText.db2.EXPLAINAuthorityTest.error=Error performing test.
asmt.testResultText.db2.EXPLAINAuthorityTest.detail=Unauthorized accounts with EXPLAIN authority:

asmt.testResultText.db2.SQLADMAuthorityTest.pass=SQLADM authority has not been granted to unauthorized grantee.
asmt.testResultText.db2.SQLADMAuthorityTest.fail=SQLADM authority has been granted to unauthorized grantee.
asmt.testResultText.db2.SQLADMAuthorityTest.error=Error performing test.
asmt.testResultText.db2.SQLADMAuthorityTest.detail=Unauthorized accounts with SQLADM authority:

asmt.testResultText.db2.WLMADMAuthorityTest.pass=WLMADM authority has not been granted to unauthorized grantee.
asmt.testResultText.db2.WLMADMAuthorityTest.fail=WLMADM authority has been granted to unauthorized grantee.
asmt.testResultText.db2.WLMADMAuthorityTest.error=Error performing test.
asmt.testResultText.db2.WLMADMAuthorityTest.detail=Unauthorized accounts with WLMADM authority:

asmt.testResultText.db2.CreateSecObjectAuthority.pass=CREATE_SECURE_OBJECT privilege has not been granted to unauthorized users.
asmt.testResultText.db2.CreateSecObjectAuthority.fail=CREATE_SECURE_OBJECT privilege has been granted to unauthorized users.
asmt.testResultText.db2.CreateSecObjectAuthority.error=Error performing test.
asmt.testResultText.db2.CreateSecObjectAuthority.detail=Unauthorized accounts with Create Security Object authority:

# new db2 z/os tests
asmt.testResultText.db2zos.ACCESSCTRLAuthTest.pass=ACCESSCTRL authority has not been granted to unauthorized users.
asmt.testResultText.db2zos.ACCESSCTRLAuthTest.fail=ACCESSCTRL authority has been granted to unauthorized users.
asmt.testResultText.db2zos.ACCESSCTRLAuthTest.error=Error performing test.
asmt.testResultText.db2zos.ACCESSCTRLAuthTest.detail=Unauthorized accounts with ACCESSCTRL authority:

asmt.testResultText.db2zos.CREATESECUREAuthTest.pass=CREATE_SECURE_OBJECT privilege has not been granted to unauthorized users.
asmt.testResultText.db2zos.CREATESECUREAuthTest.fail=CREATE_SECURE_OBJECT privilege has been granted to unauthorized users.
asmt.testResultText.db2zos.CREATESECUREAuthTest.error=Error performing test.
asmt.testResultText.db2zos.CREATESECUREAuthTest.detail=Unauthorized accounts with CREATE_SECURE_OBJECT authority:

asmt.testResultText.db2zos.DATAACCESSAuthTest.pass=DATAACCESS privilege has not been granted to unauthorized users.
asmt.testResultText.db2zos.DATAACCESSAuthTest.fail=DATAACCESS privilege has been granted to unauthorized users.
asmt.testResultText.db2zos.DATAACCESSAuthTest.error=Error performing test.
asmt.testResultText.db2zos.DATAACCESSAuthTest.detail=Unauthorized accounts with DATAACCESS authority:

asmt.testResultText.db2zos.EXPLAINAuthTest.pass=EXPLAIN privilege has not been granted to unauthorized users.
asmt.testResultText.db2zos.EXPLAINAuthTest.fail=EXPLAIN privilege has been granted to unauthorized users.
asmt.testResultText.db2zos.EXPLAINAuthTest.error=Error performing test.
asmt.testResultText.db2zos.EXPLAINAuthTest.detail=Unauthorized accounts with EXPLAIN authority:

asmt.testResultText.db2zos.SDBADMAuthTest.pass=SDBADM privilege has not been granted to unauthorized users.
asmt.testResultText.db2zos.SDBADMAuthTest.fail=SDBADM privilege has been granted to unauthorized users.
asmt.testResultText.db2zos.SDBADMAuthTest.error=Error performing test.
asmt.testResultText.db2zos.SDBADMAuthTest.detail=Unauthorized accounts with SDBADM authority:

asmt.testResultText.db2zos.SQLADMAuthTest.pass=SQLADM privilege has not been granted to unauthorized users.
asmt.testResultText.db2zos.SQLADMAuthTest.fail=SQLADM privilege has been granted to unauthorized users.
asmt.testResultText.db2zos.SQLADMAuthTest.error=Error performing test.
asmt.testResultText.db2zos.SQLADMAuthTest.detail=Unauthorized accounts with SQLADM authority:

asmt.testResultText.db2zos.privOnReservedSchema.pass=Schema privileges on reserved schema are not being granted to unauthorized grantee as recommended.
asmt.testResultText.db2zos.privOnReservedSchema.fail=Schema privileges on reserved schema has been granted.
asmt.testResultText.db2zos.privOnReservedSchema.error=Error performing test.
asmt.testResultText.db2zos.privOnReservedSchema.detail=Unauthorized accounts with schema privileges on reserved schema:

asmt.testResultText.db2zos.usersWithSchemaPriv.pass=Schema privileges are not granted to users directly as recommend.
asmt.testResultText.db2zos.usersWithSchemaPriv.fail=One or more schema privileges has been granted to users.
asmt.testResultText.db2zos.usersWithSchemaPriv.error=Error performing test.
asmt.testResultText.db2zos.usersWithSchemaPriv.detail=Unauthorized accounts with schema privileges:

asmt.testResultText.db2zos.orphansWithSchemaPriv.pass=No orphan grantees exist with schema privileges, as recommended.
asmt.testResultText.db2zos.orphansWithSchemaPriv.fail=One or more orphan grantees with schema privileges were found.
asmt.testResultText.db2zos.orphansWithSchemaPriv.error=Error performing test.
asmt.testResultText.db2zos.orphansWithSchemaPriv.detail=Orphan grantees with schema privilege:

asmt.testResultText.Postgresql.error=Could not execute sql command. 
asmt.testResultText.Postgresql.AuthenticationTimeout.pass= Authentication_timeout is set as recommended.
asmt.testResultText.Postgresql.AuthenticationTimeout.fail=Authentication_timeout is not set as recommend.
asmt.testResultText.Postgresql.AdminPrivOnDatabase.pass=Admin privileges are not granted to PUBLIC as recommend.
asmt.testResultText.Postgresql.AdminPrivOnDatabase.fail=Admin privileges has been granted to PUBLIC.
asmt.testResultText.Postgresql.GrantOptiongrantedOnAdmin.pass=Admin privileges are granted without the grant authority.
asmt.testResultText.Postgresql.GrantOptiongrantedOnAdmin.fail=Admin privileges has been granted with granted option to users or roles.
asmt.testResultText.Postgresql.GrantOptiongrantedOnTable.pass=Objects are granted without the grant authority option
asmt.testResultText.Postgresql.GrantOptiongrantedOnTable.fail=Objects has been granted with the granted option to users or roles.
asmt.testResultText.Postgresql.ObjectPrivOnTable.pass=Object privileges are not granted to PUBLIC as recommend.
asmt.testResultText.Postgresql.ObjectPrivOnTable.fail=Object privileges has been granted to PUBLIC that are not in the "PostgreSQL Allowed Grants to Public" group.  By default this group is not used by this assessment test, users should add this group as an exception to this test
asmt.testResultText.Postgresql.NoAdminPrivOnDatabase.pass=No admin privileges has been granted on the postgres database
asmt.testResultText.Postgresql.NoAdminPrivOnDatabase.fail=Admin privileges has been granted on the postgres database to users or roles
asmt.testResultText.Postgresql.NoObjectPrivGrantedOnTable.pass=No objects privileges has been granted on postgres system database
asmt.testResultText.Postgresql.NoObjectPrivGrantedOnTable.fail=Objects privileges has been granted on postgres database, to users or roles
asmt.testResultText.Postgresql.NoIndividualAdmin.pass=Admin privileges are not granted to users directly as recommended
asmt.testResultText.Postgresql.NoIndividualAdmin.fail=Admin privileges (Database, schema and tablespace)has been granted to individual users
asmt.testResultText.Postgresql.NoIndividualObjectPrivOnTable.pass=Object privileges are not granted to users directly as recommended
asmt.testResultText.Postgresql.NoIndividualObjectPrivOnTable.fail=Object privileges has been granted to individual users

asmt.testResultText.msserver.DbownerGrantedOnUser.pass=Db_owner is not granted to user or role in databases as recommend.
asmt.testResultText.msserver.DbownerGrantedOnUser.fail=Db_owner was granted to user or role in one or more database.
asmt.testResultText.msserver.DbSecurityGrantedOnUser.pass=db_securityadmin is not granted to user or role in databases as recommend.
asmt.testResultText.msserver.DbSecurityGrantedOnUser.fail=db_securityadmin was granted to user or role in one or more database.
asmt.testResultText.msserver.DdlGrantedOnUser.pass=DDL privileges is not granted to user in databases as recommend.
asmt.testResultText.msserver.DdlGrantedOnUser.fail=DDL privileges was granted to user in one or more database.
asmt.testResultText.msserver.ProcedureGrantedOnUser.pass=Stored Procedures privileges is not granted to user in databases as recommend.
asmt.testResultText.msserver.ProcedureGrantedOnUser.fail= Stored Procedures execution was granted to user in one or more database.
asmt.testResultText.msserver.RoleGrantedRole.pass=Role nesting is not being implement in databases as recommend.
asmt.testResultText.msserver.RoleGrantedRole.fail=Role nesting is implemented in one or more database.

asmt.testResultText.informix.LanguagePriv=Usage permissions have been granted on languages to no-DBA users.
	
	
asmt.testResultText.db2.SysGroup.pass=${PROPERTY_NAME} is not implemented or is set as recommended
asmt.testResultText.db2.SysGroupRestrict.pass=${PROPERTY_NAME} authority has not been granted to unauthorized users.
asmt.testResultText.db2.SysGroupAdm.pass=${PROPERTY_NAME} parameter is set as recommended.
asmt.testResultText.db2.SysGroupAdmRestrict.pass=${PROPERTY_NAME} authority has not been granted to unauthorized users.

asmt.testResultText.db2.SysGroupNotSet.fail=${PROPERTY_NAME} is not set.
asmt.testResultText.db2.SysGroupNotDefined.fail=${PROPERTY_NAME} is set to a group that does not exists on the Operating system (see details).
asmt.testResultText.db2.SysGroupSetWithUsers.fail=${PROPERTY_NAME} authority has been granted to unauthorized users (see details)

asmt.cas.PropertyTest.Expected=(Expected: ${TEST_VALUE})
asmt.cas.PropertyTest.ShouldNotBe=(Should not be: ${TEST_VALUE})
asmt.cas.PropertyTest.NotSet=${PROPERTY_NAME} is not set.
asmt.cas.PropertyTest.Defined=${PROPERTY_NAME} is defined.
asmt.cas.PropertyTest.NotDefined=${PROPERTY_NAME} is not defined.
asmt.cas.PropertyTest.SetWithUsers=${PROPERTY_NAME} is set with a group that has users.
asmt.cas.PropertyTest.GroupSetNoUsers=${PROPERTY_NAME} is set with a group that has no users.
asmt.cas.PropertyTest.GroupPassed=Parameter is set.
asmt.cas.NoDataFound=No data found.
asmt.cas.EmptyData=Data sample is empty.

asmt.cas.SetuidBitNotSet=${FILE_NAME} SETUID bit is not set.
asmt.cas.SetuidBitSet=${FILE_NAME} SETUID bit is set.

asmt.cas.NoSysdevicesFound=No sysdevices could be identified.
asmt.cas.UnsafeSysdevices=These sysdevices do not meet recommendations (owner=${OWNER}, permissions >= ${PERMS}):
asmt.cas.SysdevicesOkay=Owner/permissions for sysdevices okay.

asmt.cas.SysDevicesRawDevices=All sysdevices (other than tempdb) are raw devices.
asmt.cas.SysDevicesNotRawDevices=Not raw sysdevices:

asmt.cas.Password.Encrypted=Passwords sent over the network are encrypted.
asmt.cas.Password.Not.Encrypted=Passwords sent over the network in clear text.


asmt.cas.FileExists=The file ${FILE_NAME} exists.
asmt.cas.FileNotExist=The file ${FILE_NAME} does not exist.

asmt.cas.ServiceRunning=The service ${MS_SERVICE} is running.
asmt.cas.ServiceNotRunning=The service ${MS_SERVICE} is not running.

asmt.cas.OLEDBProviders=DisableAdhocAccess not set for these Providers:
asmt.cas.MissingData=Some data is missing.
asmt.cas.MysqldNotRunning=mysqld is not running. (From: 'ps -ef')
asmt.cas.NoDataAvailable=No data available for this test.
asmt.cas.NoDataSource=Can't find data source
asmt.cas.TempDBdsyncON=dsync='ON' for these tempdb sysdevices:
asmt.cas.TempDBdsyncOFF=dsync='OFF' for all tempdb sysdevices other than master device.
asmt.cas.NoFileInfo=Can't get file information for SPM_LOG_PATH
asmt.cas.VersionTest=Expected Version${COMPARISON}${VERSION} Found Version=${FOUND}
asmt.cas.WrongOS=Test not supported for this operating system.
asmt.cas.ExcludeNodesIgnored=TCP.INVITED_NODES is set. TCP.EXCLUDED_NODES will be ignored.
asmt.cas.IpListValid=${NODES} is set and contains valid IP addresses.
asmt.cas.IpListInvalid=${NODES} is set, but IP addresses may not all be valid.
asmt.cas.LoginModeBad=Windows Authentication not in use
asmt.cas.LoginModeOK=Windows Authentication in use
asmt.cas.NoDatadir=Can't find MySQL datadir.
asmt.cas.CollectionError=An error occured while collecting test data.
asmt.cas.ScanFoundNoErrors=No errors found in log files scanned.
asmt.cas.ScanFoundErrors=Errors were found in the following log files:
asmt.cas.DB2FixPakTest=Expected FixPak${COMPARISON}${VERSION} Found FixPak=${FOUND}
asmt.cas.BadRegExp=Bad regular expression:
asmt.cas.NoTemplateFound=No template assigned for this test.
asmt.cas.RegistryValueNotFound=No Registry value found for ${value}.
asmt.cas.NoLoginModeFound=No Registry value LoginMode found for MSSQL instance 
asmt.cas.SpmLogPathNotFound=SPM_LOG_PATH cannot be located on this system.
asmt.cas.SpmLogPathInvalid=SPM_LOG_PATH does not identify a valid directory.
asmt.cas.SpmLogPathNotSecured=SPM_LOG_PATH is not secured.
asmt.cas.SpmLogPathSecured=SPM_LOG_PATH is secured or not in use.
asmt.cas.SybaseUserMissing=Sybase account username cannot be found.
asmt.cas.db2DefPortSecured=Default port numbers are not in use.
asmt.cas.db2DefPortNotSecured=Default port number in range 50000 - 50010 are in use.

asmt.cas.OracleTnsPoisoning.oldVersion=Oracle version not supporting SECURE_REGISTER_<listener_name> parameter 
asmt.cas.OracleTnsPoisoning.fail=SECURE_REGISTER_<listener_name> is not defined for all listeners 
asmt.cas.OracleTnsPoisoning.success=SECURE_REGISTER_<listener_name> is defined for all listeners 
asmt.cas.OracleTnsPoisoning.generalError=General error has occurred

asmt.cas.OracleTnsSecure.oldVersion=Oracle version not supporting 
asmt.cas.OracleTnsSecure.fail=${SECURE_NAME} is not defined for all listeners 
asmt.cas.OracleTnsSecure.success=${SECURE_NAME} is defined for all listeners 
asmt.cas.OracleTnsSecure.generalError=General error has occurred: ${PROPERTY_NAME}

asmt.cas.OraclePort.fail=Default port number is in use.
asmt.cas.OraclePort.success=Default port number is not in use.
asmt.cas.OraclePort.noportfound=No port number found.
asmt.cas.OraclePort.generalError=General error has occurred: ${PROPERTY_NAME}


asmt.lit.detail.type.owner-object=Owner-Object(s)
asmt.lit.detail.type.object-grantee-action=Object-Grantee-Action(s)
asmt.lit.detail.type.defaultUser=default User(s)
asmt.lit.detail.type.roleWithAdminOption=Roles with admin option
asmt.lit.detail.type.execUtlFileTest=The following roles with execute Privilege on UTL_FILE found:\n
asmt.lit.detail.type.grantees=Grantee(s)
asmt.lit.detail.type.granteePrivilege=Grantee-Privilege(s)
asmt.lit.detail.type.object-grantee=Object-Grantee(s)
asmt.lit.detail.type.grantee-object=Grantee-Object(s)
asmt.lit.detail.type.defaultDbs=default Database(s)
asmt.lit.detail.type.object-action=Object-Action(s)
asmt.lit.detail.type.filename=Filename(s)
asmt.lit.detail.type.userEmptyPasswd=User(s) with empty password
asmt.lit.detail.type.userEmptyName=User with empty name.
asmt.lit.detail.type.userPasswdLen=User-Password Length(s)(threshold=40)

asmt.detail.find=Following ${type} found:\n ${list}
asmt.detail.find.content=Found:${content}
asmt.detail.grantee=Found grantee(s): ${list}
asmt.detail.object=Found: ${list}=======

asmt.cve.os.na=Test not applicable to OS ${os}.

asmt.rec.cve.passed=${CVE} is fixed for the system\'s version and patch level.
asmt.rec.cve.failed=To fix ${CVE} upgrade to following version/patch level: ${v-p}.
asmt.rec.cve.error=Please correct the error condition and run the Assessment again.
asmt.cve.text.pass=System is not vulnerable to ${CVE}
asmt.cve.text.failed=System may be vulnerable to ${CVE}
asmt.cve.text.not.reported=${CVE} vulnerability was not reported for ${DBTYPE} ${DBVERSION}.
asmt.cve.cas.required=Cas is required to perform this test.
asmt.cve.text.patch.not.detected=${CVE} patch was not detected for ${DBTYPE} ${DBVERSION}.



asmt.rec.apar.passed=${APAR} is fixed for the system\'s version and patch level for all modules.
asmt.rec.apar.failed=To fix ${APAR} upgrade to following version-module/patch level: ${v-p}.
asmt.rec.apar.error=Please correct the error condition and run the Assessment again.
asmt.apar.text.pass=System is not vulnerable to ${APAR}
asmt.apar.text.failed=System may be vulnerable to ${APAR}
asmt.apar.text.not.reported=${APAR} vulnerability was not reported for ${DBTYPE} ${DBVERSION}.
asmt.apar.text.modulesnotpresent=Modules listed for APAR ${APAR} not present in DB2 MEPL

asmt.sqlbased.details.error=Error Retrieving Details
asmt.error.sql.no.recs=SQL Statement did not return any records, can not evaluate result
asmt.error.pretest.error=Pre Test Check Error, please contact your system administrator.  

asmt.error.no.databases.to.loop=We did not find any database that meet the condition for this test to execute

asmt.result.pass.exception=Test passed, based on exception approved by: ${approver} effective from ${fromdate} to ${todate}
Connection.unavailable=Connection Unavailable

asmt.no.user.data=Could not retrieve user data from CKADBVA.CKA_OS_USER and CKADBVA.CKA_OS_GROUP tables.

asmt.result.fail.additional_text=Including ${removedCount} items present in exceptions group.
asmt.result.anyIPanyNet.noFilter=Any

asmt.result.id.is.used=An Authorization ID should not be used for more than once on setting DB2 zparm administrative duties.
asmt.result.missing.user.or.group=The Authorization ID is not found in CKADBVA.CKA_OS_USER or CKADBVA.CKA_OS_GROUP.
asmt.result.id.is.default=Using default DB2 authorization ID is not recommended.
asmt.result.role.not.defined=The DB2 role defined is not found in the system catalog.

asmt.xml.noresults=No results to render
asmt.xml.noCVEresults=No failed CVE test results to render

asmt.file.permissions.ok=File permissions within limit
asmt.file.ownership.ok=File ownership acceptable

# MongoDB
asmt.testResultText.mongodb.MongodbAuthTest.pass=Authentication system is enabled, as recommended.
asmt.testResultText.mongodb.MongodbAuthTest.fail=Authentication system is disabled.
asmt.testResultText.mongodb.MongodbDefaultPortTest.pass=Mongod or mongos instances is not using default port.
asmt.testResultText.mongodb.MongodbDefaultPortTest.fail=Mongod or mongos instances is using default port.
asmt.testResultText.mongodb.MongodbConfigFileTest.pass=Mongod or mongos instances is using configuration file.
asmt.testResultText.mongodb.MongodbConfigFileTest.fail=Mongod or mongos instances is not using configuration file.
asmt.testResultText.mongodb.MongodbLocalAuthBypass.pass=Localhost authentication bypass is disabled, as recommended.
asmt.testResultText.mongodb.MongodbLocalAuthBypass.fail=Localhost authentication bypass is enabled.
asmt.testResultText.mongodb.MongodbLegacyPrivilegeDoc.pass=Legacy Privilege Documents is disabled, as recommended.
asmt.testResultText.mongodb.MongodbLegacyPrivilegeDoc.fail=Legacy Privilege Documents is enabled.
asmt.testResultText.mongodb.MongodbBindIP.pass=bind_ip server configuration is set.
asmt.testResultText.mongodb.MongodbBindIP.fail=bind_ip server configuration is not set.
asmt.testResultText.mongodb.MongodbRestInterface.pass=REST interface is disabled.
asmt.testResultText.mongodb.MongodbRestInterface.fail=REST interface is not disable
asmt.testResultText.mongodb.roles.pass=No user with '${role}' role is found.
asmt.testResultText.mongodb.roles.fail=User with '${role}' role is found.

asmt.cas.UmaskValueMongodbUser.fail=umask is world writable.
asmt.cas.UmaskValueMongodbUser.pass=umask is not world writable, as recommended.

#Aster
asmt.testResultText.Aster.DefaultPassword.pass=The password for the ${user} account is set to non-default value, as recommended.
asmt.testResultText.Aster.DefaultPassword.fail=The password for the ${user} account has not been changed from the default value.
